[debug] [2024-10-30T08:14:20.558Z] ----------------------------------------------------------------------
[debug] [2024-10-30T08:14:20.560Z] Command:       C:\Program Files\nodejs\node.exe C:\Users\Hp\AppData\Roaming\npm\node_modules\firebase-tools\lib\bin\firebase.js init
[debug] [2024-10-30T08:14:20.561Z] CLI Version:   12.9.1
[debug] [2024-10-30T08:14:20.561Z] Platform:      win32
[debug] [2024-10-30T08:14:20.561Z] Node Version:  v16.20.2
[debug] [2024-10-30T08:14:20.561Z] Time:          Wed Oct 30 2024 13:44:20 GMT+0530 (India Standard Time)
[debug] [2024-10-30T08:14:20.562Z] ----------------------------------------------------------------------
[debug] 
[debug] [2024-10-30T08:14:20.567Z] > command requires scopes: ["email","openid","https://www.googleapis.com/auth/cloudplatformprojects.readonly","https://www.googleapis.com/auth/firebase","https://www.googleapis.com/auth/cloud-platform"]
[debug] [2024-10-30T08:14:20.568Z] > authorizing via signed-in user (ha3898339@gmail.com)
[info] 
     ######## #### ########  ######## ########     ###     ######  ########
     ##        ##  ##     ## ##       ##     ##  ##   ##  ##       ##
     ######    ##  ########  ######   ########  #########  ######  ######
     ##        ##  ##    ##  ##       ##     ## ##     ##       ## ##
     ##       #### ##     ## ######## ########  ##     ##  ######  ########

You're about to initialize a Firebase project in this directory:

  D:\Hashim\Final Year Project\SSM-Final-Project-main\SSM-Final-Project-main

[info] 
=== Project Setup
[info] 
[info] First, let's associate this project directory with a Firebase project.
[info] You can create multiple project aliases by running firebase use --add, 
[info] but for now we'll just set up a default project.
[info] 
[debug] [2024-10-30T08:14:40.680Z] > refreshing access token with scopes: []
[debug] [2024-10-30T08:14:40.682Z] >>> [apiv2][query] POST https://www.googleapis.com/oauth2/v3/token [none]
[debug] [2024-10-30T08:14:40.682Z] >>> [apiv2][body] POST https://www.googleapis.com/oauth2/v3/token [omitted]
[debug] [2024-10-30T08:14:41.043Z] <<< [apiv2][status] POST https://www.googleapis.com/oauth2/v3/token 200
[debug] [2024-10-30T08:14:41.044Z] <<< [apiv2][body] POST https://www.googleapis.com/oauth2/v3/token [omitted]
[debug] [2024-10-30T08:14:41.060Z] >>> [apiv2][query] GET https://firebase.googleapis.com/v1beta1/projects pageSize=100
[debug] [2024-10-30T08:14:41.865Z] <<< [apiv2][status] GET https://firebase.googleapis.com/v1beta1/projects 200
[debug] [2024-10-30T08:14:41.866Z] <<< [apiv2][body] GET https://firebase.googleapis.com/v1beta1/projects [omitted]
[info] i  Using project realestate-9c252 (realestate) 
[info] 
=== Hosting Setup
[debug] [2024-10-30T08:14:52.473Z] >>> [apiv2][query] GET https://firebase.googleapis.com/v1beta1/projects/realestate-9c252 [none]
[debug] [2024-10-30T08:14:52.991Z] <<< [apiv2][status] GET https://firebase.googleapis.com/v1beta1/projects/realestate-9c252 200
[debug] [2024-10-30T08:14:52.991Z] <<< [apiv2][body] GET https://firebase.googleapis.com/v1beta1/projects/realestate-9c252 {"projectId":"realestate-9c252","projectNumber":"906571719844","displayName":"realestate","name":"projects/realestate-9c252","resources":{"hostingSite":"realestate-9c252"},"state":"ACTIVE","etag":"1_ea7b2dce-fb3c-4db5-9c5d-249dd314641f"}
[info] 
[info] Your public directory is the folder (relative to your project directory) that
[info] will contain Hosting assets to be uploaded with firebase deploy. If you
[info] have a build process for your assets, use your build's output directory.
[info] 
[debug] [2024-10-30T08:14:56.954Z] >>> [apiv2][query] GET https://www.gstatic.com/firebasejs/releases.json [none]
[debug] [2024-10-30T08:14:57.221Z] <<< [apiv2][status] GET https://www.gstatic.com/firebasejs/releases.json 200
[debug] [2024-10-30T08:14:57.221Z] <<< [apiv2][body] GET https://www.gstatic.com/firebasejs/releases.json {"current":{"version":"11.0.1","browserURL":"https://www.gstatic.com/firebasejs/11.0.1/firebase.js","packageURL":"https://www.gstatic.com/firebasejs/11.0.1/firebase.tgz"},"live":{"version":"11.0","browserURL":"https://www.gstatic.com/firebasejs/live/11.0/firebase.js","packageURL":"https://www.gstatic.com/firebasejs/live/11.0/firebase.tgz"},"components":{"analytics":"https://www.gstatic.com/firebasejs/11.0.1/firebase-analytics.js","app":"https://www.gstatic.com/firebasejs/11.0.1/firebase-app.js","app-check":"https://www.gstatic.com/firebasejs/11.0.1/firebase-app-check.js","auth":"https://www.gstatic.com/firebasejs/11.0.1/firebase-auth.js","auth/cordova":"https://www.gstatic.com/firebasejs/11.0.1/firebase-auth/cordova.js","auth/web-extension":"https://www.gstatic.com/firebasejs/11.0.1/firebase-auth/web-extension.js","functions":"https://www.gstatic.com/firebasejs/11.0.1/firebase-functions.js","firestore":"https://www.gstatic.com/firebasejs/11.0.1/firebase-firestore.js","firestore/lite":"https://www.gstatic.com/firebasejs/11.0.1/firebase-firestore/lite.js","installations":"https://www.gstatic.com/firebasejs/11.0.1/firebase-installations.js","storage":"https://www.gstatic.com/firebasejs/11.0.1/firebase-storage.js","performance":"https://www.gstatic.com/firebasejs/11.0.1/firebase-performance.js","remote-config":"https://www.gstatic.com/firebasejs/11.0.1/firebase-remote-config.js","messaging":"https://www.gstatic.com/firebasejs/11.0.1/firebase-messaging.js","messaging/sw":"https://www.gstatic.com/firebasejs/11.0.1/firebase-messaging/sw.js","database":"https://www.gstatic.com/firebasejs/11.0.1/firebase-database.js","vertexai":"https://www.gstatic.com/firebasejs/11.0.1/firebase-vertexai.js","data-connect":"https://www.gstatic.com/firebasejs/11.0.1/firebase-data-connect.js","firestore.memory":"https://www.gstatic.com/firebasejs/11.0.1/firebase-firestore.memory.js"}}
[info] +  Wrote public/index.html 
[info] 
[info] i  Didn't detect a .git folder. Assuming D:\Hashim\Final Year Project\SSM-Final-Project-main\SSM-Final-Project-main is the project root. 
[info] i  Authorizing with GitHub to upload your service account to a GitHub repository's secrets store. 
[info] 
[info] Visit this URL on this device to log in:
[info] https://github.com/login/oauth/authorize?client_id=89cf50f02ac6aaed3484&state=650099405&redirect_uri=http%3A%2F%2Flocalhost%3A9005&scope=read%3Auser%20repo%20public_repo
[info] 
[info] Waiting for authentication...
[debug] [2024-10-30T08:14:58.657Z] >>> [apiv2][query] POST https://github.com/login/oauth/access_token [none]
[debug] [2024-10-30T08:14:58.658Z] >>> [apiv2][body] POST https://github.com/login/oauth/access_token [stream]
[debug] [2024-10-30T08:14:59.101Z] <<< [apiv2][status] POST https://github.com/login/oauth/access_token 200
[debug] [2024-10-30T08:14:59.101Z] <<< [apiv2][body] POST https://github.com/login/oauth/access_token {"access_token":"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","token_type":"bearer","scope":"read:user,repo"}
[debug] [2024-10-30T08:14:59.105Z] >>> [apiv2][query] GET https://api.github.com/user [none]
[debug] [2024-10-30T08:14:59.563Z] <<< [apiv2][status] GET https://api.github.com/user 200
[debug] [2024-10-30T08:14:59.563Z] <<< [apiv2][body] GET https://api.github.com/user {"login":"mohdhashimali","id":72740601,"node_id":"MDQ6VXNlcjcyNzQwNjAx","avatar_url":"https://avatars.githubusercontent.com/u/72740601?v=4","gravatar_id":"","url":"https://api.github.com/users/mohdhashimali","html_url":"https://github.com/mohdhashimali","followers_url":"https://api.github.com/users/mohdhashimali/followers","following_url":"https://api.github.com/users/mohdhashimali/following{/other_user}","gists_url":"https://api.github.com/users/mohdhashimali/gists{/gist_id}","starred_url":"https://api.github.com/users/mohdhashimali/starred{/owner}{/repo}","subscriptions_url":"https://api.github.com/users/mohdhashimali/subscriptions","organizations_url":"https://api.github.com/users/mohdhashimali/orgs","repos_url":"https://api.github.com/users/mohdhashimali/repos","events_url":"https://api.github.com/users/mohdhashimali/events{/privacy}","received_events_url":"https://api.github.com/users/mohdhashimali/received_events","type":"User","user_view_type":"private","site_admin":false,"name":"Hash","company":null,"blog":"","location":null,"email":null,"hireable":null,"bio":"Hello, Friend.","twitter_username":null,"notification_email":null,"public_repos":5,"public_gists":0,"followers":0,"following":0,"created_at":"2020-10-12T11:11:30Z","updated_at":"2024-10-25T05:10:26Z","private_gists":0,"total_private_repos":1,"owned_private_repos":1,"disk_usage":2289,"collaborators":0,"two_factor_authentication":false,"plan":{"name":"free","space":976562499,"collaborators":0,"private_repos":10000}}
[info] 
[info] +  Success! Logged into GitHub as mohdhashimali 
[info] 
